  [1m[35m (946.4ms)[0m  [1m[35mCREATE DATABASE "cat_tinder_backend_development" ENCODING = 'unicode'[0m
  [1m[35m (351.0ms)[0m  [1m[35mCREATE DATABASE "cat_tinder_backend_test" ENCODING = 'unicode'[0m
Started GET "/" for ::1 at 2022-04-07 12:31:21 -0400
Processing by Rails::WelcomeController#index as HTML
  Rendering /Users/learnacademy/.rvm/gems/ruby-3.0.0/gems/railties-7.0.2.3/lib/rails/templates/rails/welcome/index.html.erb
  Rendered /Users/learnacademy/.rvm/gems/ruby-3.0.0/gems/railties-7.0.2.3/lib/rails/templates/rails/welcome/index.html.erb (Duration: 6.6ms | Allocations: 742)
Completed 200 OK in 234ms (Views: 38.0ms | ActiveRecord: 0.0ms | Allocations: 7003)


  [1m[35m (147.1ms)[0m  [1m[35mCREATE TABLE "schema_migrations" ("version" character varying NOT NULL PRIMARY KEY)[0m
  [1m[35m (32.9ms)[0m  [1m[35mCREATE TABLE "ar_internal_metadata" ("key" character varying NOT NULL PRIMARY KEY, "value" character varying, "created_at" timestamp(6) NOT NULL, "updated_at" timestamp(6) NOT NULL)[0m
  [1m[35m (2.3ms)[0m  [1m[34mSELECT pg_try_advisory_lock(193641846089075370)[0m
  [1m[36mActiveRecord::SchemaMigration Pluck (2.0ms)[0m  [1m[34mSELECT "schema_migrations"."version" FROM "schema_migrations" ORDER BY "schema_migrations"."version" ASC[0m
Migrating to CreateCats (20220407164000)
  [1m[36mTRANSACTION (15.3ms)[0m  [1m[35mBEGIN[0m
  [1m[35m (10.8ms)[0m  [1m[35mCREATE TABLE "cats" ("id" bigserial primary key, "name" character varying, "age" integer, "enjoys" text, "image" text, "created_at" timestamp(6) NOT NULL, "updated_at" timestamp(6) NOT NULL)[0m
  [1m[36mActiveRecord::SchemaMigration Create (24.4ms)[0m  [1m[32mINSERT INTO "schema_migrations" ("version") VALUES ($1) RETURNING "version"[0m  [["version", "20220407164000"]]
  [1m[36mTRANSACTION (0.8ms)[0m  [1m[35mCOMMIT[0m
  [1m[36mActiveRecord::InternalMetadata Load (0.5ms)[0m  [1m[34mSELECT "ar_internal_metadata".* FROM "ar_internal_metadata" WHERE "ar_internal_metadata"."key" = $1 LIMIT $2[0m  [["key", "environment"], ["LIMIT", 1]]
  [1m[36mTRANSACTION (0.2ms)[0m  [1m[35mBEGIN[0m
  [1m[36mActiveRecord::InternalMetadata Create (4.8ms)[0m  [1m[32mINSERT INTO "ar_internal_metadata" ("key", "value", "created_at", "updated_at") VALUES ($1, $2, $3, $4) RETURNING "key"[0m  [["key", "environment"], ["value", "development"], ["created_at", "2022-04-07 16:40:28.359370"], ["updated_at", "2022-04-07 16:40:28.359370"]]
  [1m[36mTRANSACTION (0.7ms)[0m  [1m[35mCOMMIT[0m
  [1m[35m (0.5ms)[0m  [1m[34mSELECT pg_advisory_unlock(193641846089075370)[0m
  [1m[36mActiveRecord::SchemaMigration Pluck (1.2ms)[0m  [1m[34mSELECT "schema_migrations"."version" FROM "schema_migrations" ORDER BY "schema_migrations"."version" ASC[0m
  [1m[36mActiveRecord::SchemaMigration Pluck (1.7ms)[0m  [1m[34mSELECT "schema_migrations"."version" FROM "schema_migrations" ORDER BY "schema_migrations"."version" ASC[0m
  [1m[36mTRANSACTION (25.4ms)[0m  [1m[35mBEGIN[0m
  [1m[36mCat Create (6.9ms)[0m  [1m[32mINSERT INTO "cats" ("name", "age", "enjoys", "image", "created_at", "updated_at") VALUES ($1, $2, $3, $4, $5, $6) RETURNING "id"[0m  [["name", "Felix"], ["age", 2], ["enjoys", "Long naps on the couch, and a warm fire."], ["image", "https://images.unsplash.com/photo-1529778873920-4da4926a72c2?ixlib=rb-1.2.1&ixid=MnwxMjA3fDB8MHxwaG90by1wYWdlfHx8fGVufDB8fHx8&auto=format&fit=crop&w=1036&q=80"], ["created_at", "2022-04-07 17:04:50.169963"], ["updated_at", "2022-04-07 17:04:50.169963"]]
  [1m[36mTRANSACTION (7.9ms)[0m  [1m[35mCOMMIT[0m
  [1m[36mTRANSACTION (0.9ms)[0m  [1m[35mBEGIN[0m
  [1m[36mCat Create (25.5ms)[0m  [1m[32mINSERT INTO "cats" ("name", "age", "enjoys", "image", "created_at", "updated_at") VALUES ($1, $2, $3, $4, $5, $6) RETURNING "id"[0m  [["name", "Homer"], ["age", 12], ["enjoys", "Food mostly, really just food."], ["image", "https://images.unsplash.com/photo-1573865526739-10659fec78a5?ixlib=rb-1.2.1&ixid=MnwxMjA3fDB8MHxwaG90by1wYWdlfHx8fGVufDB8fHx8&auto=format&fit=crop&w=1015&q=80"], ["created_at", "2022-04-07 17:04:50.217944"], ["updated_at", "2022-04-07 17:04:50.217944"]]
  [1m[36mTRANSACTION (0.4ms)[0m  [1m[35mCOMMIT[0m
  [1m[36mTRANSACTION (0.3ms)[0m  [1m[35mBEGIN[0m
  [1m[36mCat Create (0.4ms)[0m  [1m[32mINSERT INTO "cats" ("name", "age", "enjoys", "image", "created_at", "updated_at") VALUES ($1, $2, $3, $4, $5, $6) RETURNING "id"[0m  [["name", "Jack"], ["age", 5], ["enjoys", "Furrrrociously hunting bugs."], ["image", "https://images.unsplash.com/photo-1492370284958-c20b15c692d2?ixlib=rb-1.2.1&ixid=MnwxMjA3fDB8MHxwaG90by1wYWdlfHx8fGVufDB8fHx8&auto=format&fit=crop&w=1049&q=80"], ["created_at", "2022-04-07 17:04:50.249956"], ["updated_at", "2022-04-07 17:04:50.249956"]]
  [1m[36mTRANSACTION (0.6ms)[0m  [1m[35mCOMMIT[0m
  [1m[36mCat Load (2.4ms)[0m  [1m[34mSELECT "cats".* FROM "cats"[0m
